{"C:\\Users\\vladi\\Desktop\\ets-js-library\\config\\constants.cjs": {"path":"C:\\Users\\vladi\\Desktop\\ets-js-library\\config\\constants.cjs","statementMap":{"0":{"start":{"line":1,"column":33},"end":{"line":1,"column":77}},"1":{"start":{"line":2,"column":32},"end":{"line":2,"column":76}},"2":{"start":{"line":3,"column":20},"end":{"line":3,"column":64}},"3":{"start":{"line":4,"column":23},"end":{"line":4,"column":31}},"4":{"start":{"line":5,"column":19},"end":{"line":5,"column":25}},"5":{"start":{"line":6,"column":18},"end":{"line":6,"column":42}},"6":{"start":{"line":8,"column":0},"end":{"line":15,"column":2}}},"fnMap":{},"branchMap":{},"s":{"0":1,"1":1,"2":1,"3":1,"4":1,"5":1,"6":1},"f":{},"b":{},"inputSourceMap":null,"_coverageSchema":"1a1c01bbd47fc00a2c39e90264f33305004495a9","hash":"0569c86ba927087e5d484e4b4637b7b5ca71bd9b"}
,"C:\\Users\\vladi\\Desktop\\ets-js-library\\src\\index.js": {"path":"C:\\Users\\vladi\\Desktop\\ets-js-library\\src\\index.js","statementMap":{"0":{"start":{"line":17,"column":2},"end":{"line":30,"column":3}},"1":{"start":{"line":18,"column":16},"end":{"line":18,"column":66}},"2":{"start":{"line":20,"column":15},"end":{"line":25,"column":5}},"3":{"start":{"line":27,"column":4},"end":{"line":27,"column":14}},"4":{"start":{"line":29,"column":4},"end":{"line":29,"column":16}},"5":{"start":{"line":34,"column":2},"end":{"line":39,"column":3}},"6":{"start":{"line":35,"column":17},"end":{"line":35,"column":66}},"7":{"start":{"line":36,"column":4},"end":{"line":36,"column":16}},"8":{"start":{"line":38,"column":4},"end":{"line":38,"column":16}},"9":{"start":{"line":43,"column":2},"end":{"line":49,"column":3}},"10":{"start":{"line":44,"column":21},"end":{"line":44,"column":66}},"11":{"start":{"line":46,"column":4},"end":{"line":46,"column":20}},"12":{"start":{"line":48,"column":4},"end":{"line":48,"column":16}},"13":{"start":{"line":53,"column":17},"end":{"line":53,"column":48}},"14":{"start":{"line":55,"column":2},"end":{"line":55,"column":16}},"15":{"start":{"line":60,"column":2},"end":{"line":65,"column":3}},"16":{"start":{"line":62,"column":4},"end":{"line":62,"column":21}},"17":{"start":{"line":64,"column":4},"end":{"line":64,"column":54}},"18":{"start":{"line":67,"column":19},"end":{"line":67,"column":68}},"19":{"start":{"line":68,"column":17},"end":{"line":68,"column":54}},"20":{"start":{"line":70,"column":2},"end":{"line":70,"column":16}},"21":{"start":{"line":74,"column":2},"end":{"line":80,"column":3}},"22":{"start":{"line":75,"column":15},"end":{"line":75,"column":70}},"23":{"start":{"line":77,"column":4},"end":{"line":77,"column":14}},"24":{"start":{"line":79,"column":4},"end":{"line":79,"column":16}},"25":{"start":{"line":84,"column":2},"end":{"line":92,"column":3}},"26":{"start":{"line":85,"column":16},"end":{"line":85,"column":66}},"27":{"start":{"line":87,"column":15},"end":{"line":87,"column":83}},"28":{"start":{"line":89,"column":4},"end":{"line":89,"column":14}},"29":{"start":{"line":91,"column":4},"end":{"line":91,"column":16}},"30":{"start":{"line":96,"column":14},"end":{"line":96,"column":49}},"31":{"start":{"line":98,"column":2},"end":{"line":98,"column":13}},"32":{"start":{"line":102,"column":2},"end":{"line":106,"column":3}},"33":{"start":{"line":103,"column":4},"end":{"line":103,"column":59}},"34":{"start":{"line":105,"column":4},"end":{"line":105,"column":16}},"35":{"start":{"line":110,"column":2},"end":{"line":116,"column":3}},"36":{"start":{"line":111,"column":15},"end":{"line":111,"column":87}},"37":{"start":{"line":113,"column":4},"end":{"line":113,"column":14}},"38":{"start":{"line":115,"column":4},"end":{"line":115,"column":16}},"39":{"start":{"line":120,"column":2},"end":{"line":126,"column":3}},"40":{"start":{"line":121,"column":15},"end":{"line":121,"column":90}},"41":{"start":{"line":123,"column":4},"end":{"line":123,"column":14}},"42":{"start":{"line":125,"column":4},"end":{"line":125,"column":16}},"43":{"start":{"line":130,"column":2},"end":{"line":136,"column":3}},"44":{"start":{"line":131,"column":21},"end":{"line":131,"column":69}},"45":{"start":{"line":133,"column":4},"end":{"line":133,"column":20}},"46":{"start":{"line":135,"column":4},"end":{"line":135,"column":16}},"47":{"start":{"line":140,"column":2},"end":{"line":146,"column":3}},"48":{"start":{"line":141,"column":21},"end":{"line":141,"column":85}},"49":{"start":{"line":143,"column":4},"end":{"line":143,"column":20}},"50":{"start":{"line":145,"column":4},"end":{"line":145,"column":16}},"51":{"start":{"line":150,"column":2},"end":{"line":156,"column":3}},"52":{"start":{"line":151,"column":21},"end":{"line":151,"column":75}},"53":{"start":{"line":153,"column":4},"end":{"line":153,"column":20}},"54":{"start":{"line":155,"column":4},"end":{"line":155,"column":16}},"55":{"start":{"line":160,"column":2},"end":{"line":166,"column":3}},"56":{"start":{"line":161,"column":20},"end":{"line":161,"column":59}},"57":{"start":{"line":163,"column":4},"end":{"line":163,"column":19}},"58":{"start":{"line":165,"column":4},"end":{"line":165,"column":16}},"59":{"start":{"line":170,"column":24},"end":{"line":170,"column":57}},"60":{"start":{"line":172,"column":22},"end":{"line":172,"column":72}},"61":{"start":{"line":172,"column":53},"end":{"line":172,"column":71}},"62":{"start":{"line":174,"column":2},"end":{"line":174,"column":21}},"63":{"start":{"line":178,"column":2},"end":{"line":191,"column":5}},"64":{"start":{"line":179,"column":16},"end":{"line":179,"column":45}},"65":{"start":{"line":180,"column":26},"end":{"line":180,"column":46}},"66":{"start":{"line":182,"column":24},"end":{"line":182,"column":54}},"67":{"start":{"line":184,"column":17},"end":{"line":188,"column":5}},"68":{"start":{"line":190,"column":4},"end":{"line":190,"column":38}},"69":{"start":{"line":195,"column":2},"end":{"line":205,"column":5}},"70":{"start":{"line":197,"column":27},"end":{"line":197,"column":77}},"71":{"start":{"line":199,"column":17},"end":{"line":202,"column":5}},"72":{"start":{"line":204,"column":4},"end":{"line":204,"column":25}},"73":{"start":{"line":209,"column":2},"end":{"line":209,"column":41}},"74":{"start":{"line":213,"column":2},"end":{"line":213,"column":41}},"75":{"start":{"line":217,"column":2},"end":{"line":226,"column":5}},"76":{"start":{"line":218,"column":17},"end":{"line":223,"column":5}},"77":{"start":{"line":225,"column":4},"end":{"line":225,"column":25}},"78":{"start":{"line":230,"column":2},"end":{"line":236,"column":3}},"79":{"start":{"line":231,"column":23},"end":{"line":231,"column":42}},"80":{"start":{"line":233,"column":4},"end":{"line":233,"column":22}},"81":{"start":{"line":235,"column":4},"end":{"line":235,"column":16}},"82":{"start":{"line":240,"column":2},"end":{"line":245,"column":3}},"83":{"start":{"line":241,"column":15},"end":{"line":241,"column":83}},"84":{"start":{"line":242,"column":4},"end":{"line":242,"column":14}},"85":{"start":{"line":244,"column":4},"end":{"line":244,"column":16}},"86":{"start":{"line":255,"column":2},"end":{"line":271,"column":3}},"87":{"start":{"line":256,"column":16},"end":{"line":256,"column":66}},"88":{"start":{"line":257,"column":15},"end":{"line":267,"column":5}},"89":{"start":{"line":268,"column":4},"end":{"line":268,"column":14}},"90":{"start":{"line":270,"column":4},"end":{"line":270,"column":16}},"91":{"start":{"line":282,"column":2},"end":{"line":296,"column":3}},"92":{"start":{"line":283,"column":16},"end":{"line":283,"column":66}},"93":{"start":{"line":284,"column":15},"end":{"line":292,"column":5}},"94":{"start":{"line":293,"column":4},"end":{"line":293,"column":14}},"95":{"start":{"line":295,"column":4},"end":{"line":295,"column":16}},"96":{"start":{"line":300,"column":2},"end":{"line":305,"column":3}},"97":{"start":{"line":301,"column":15},"end":{"line":301,"column":85}},"98":{"start":{"line":302,"column":4},"end":{"line":302,"column":14}},"99":{"start":{"line":304,"column":4},"end":{"line":304,"column":16}},"100":{"start":{"line":309,"column":2},"end":{"line":314,"column":3}},"101":{"start":{"line":310,"column":15},"end":{"line":310,"column":108}},"102":{"start":{"line":311,"column":4},"end":{"line":311,"column":14}},"103":{"start":{"line":313,"column":4},"end":{"line":313,"column":16}},"104":{"start":{"line":318,"column":2},"end":{"line":323,"column":3}},"105":{"start":{"line":319,"column":15},"end":{"line":319,"column":111}},"106":{"start":{"line":320,"column":4},"end":{"line":320,"column":14}},"107":{"start":{"line":322,"column":4},"end":{"line":322,"column":16}},"108":{"start":{"line":327,"column":2},"end":{"line":332,"column":3}},"109":{"start":{"line":328,"column":15},"end":{"line":328,"column":99}},"110":{"start":{"line":329,"column":4},"end":{"line":329,"column":14}},"111":{"start":{"line":331,"column":4},"end":{"line":331,"column":16}},"112":{"start":{"line":336,"column":2},"end":{"line":341,"column":3}},"113":{"start":{"line":337,"column":15},"end":{"line":337,"column":90}},"114":{"start":{"line":338,"column":4},"end":{"line":338,"column":14}},"115":{"start":{"line":340,"column":4},"end":{"line":340,"column":16}},"116":{"start":{"line":345,"column":2},"end":{"line":350,"column":3}},"117":{"start":{"line":346,"column":23},"end":{"line":346,"column":71}},"118":{"start":{"line":347,"column":4},"end":{"line":347,"column":22}},"119":{"start":{"line":349,"column":4},"end":{"line":349,"column":16}},"120":{"start":{"line":354,"column":2},"end":{"line":359,"column":3}},"121":{"start":{"line":355,"column":15},"end":{"line":355,"column":91}},"122":{"start":{"line":356,"column":4},"end":{"line":356,"column":14}},"123":{"start":{"line":358,"column":4},"end":{"line":358,"column":16}},"124":{"start":{"line":363,"column":2},"end":{"line":368,"column":3}},"125":{"start":{"line":364,"column":15},"end":{"line":364,"column":107}},"126":{"start":{"line":365,"column":4},"end":{"line":365,"column":14}},"127":{"start":{"line":367,"column":4},"end":{"line":367,"column":16}},"128":{"start":{"line":378,"column":2},"end":{"line":388,"column":3}},"129":{"start":{"line":379,"column":15},"end":{"line":384,"column":5}},"130":{"start":{"line":385,"column":4},"end":{"line":385,"column":14}},"131":{"start":{"line":387,"column":4},"end":{"line":387,"column":16}}},"fnMap":{"0":{"name":"createEvent","decl":{"start":{"line":16,"column":22},"end":{"line":16,"column":33}},"loc":{"start":{"line":16,"column":103},"end":{"line":31,"column":1}},"line":16},"1":{"name":"fetchEvent","decl":{"start":{"line":33,"column":22},"end":{"line":33,"column":32}},"loc":{"start":{"line":33,"column":69},"end":{"line":40,"column":1}},"line":33},"2":{"name":"fetchEvents","decl":{"start":{"line":42,"column":22},"end":{"line":42,"column":33}},"loc":{"start":{"line":42,"column":71},"end":{"line":50,"column":1}},"line":42},"3":{"name":"fetchContractEvents","decl":{"start":{"line":52,"column":22},"end":{"line":52,"column":41}},"loc":{"start":{"line":52,"column":69},"end":{"line":56,"column":1}},"line":52},"4":{"name":"fetchOwnedEvents","decl":{"start":{"line":58,"column":22},"end":{"line":58,"column":38}},"loc":{"start":{"line":58,"column":75},"end":{"line":71,"column":1}},"line":58},"5":{"name":"removeEvent","decl":{"start":{"line":73,"column":22},"end":{"line":73,"column":33}},"loc":{"start":{"line":73,"column":70},"end":{"line":81,"column":1}},"line":73},"6":{"name":"updateEvent","decl":{"start":{"line":83,"column":22},"end":{"line":83,"column":33}},"loc":{"start":{"line":83,"column":98},"end":{"line":93,"column":1}},"line":83},"7":{"name":"getEventIpfsUri","decl":{"start":{"line":95,"column":22},"end":{"line":95,"column":37}},"loc":{"start":{"line":95,"column":74},"end":{"line":99,"column":1}},"line":95},"8":{"name":"deleteFromIpfs","decl":{"start":{"line":101,"column":22},"end":{"line":101,"column":36}},"loc":{"start":{"line":101,"column":64},"end":{"line":107,"column":1}},"line":101},"9":{"name":"addTeamMember","decl":{"start":{"line":109,"column":22},"end":{"line":109,"column":35}},"loc":{"start":{"line":109,"column":87},"end":{"line":117,"column":1}},"line":109},"10":{"name":"removeTeamMember","decl":{"start":{"line":119,"column":22},"end":{"line":119,"column":38}},"loc":{"start":{"line":119,"column":90},"end":{"line":127,"column":1}},"line":119},"11":{"name":"fetchCountriesFromServer","decl":{"start":{"line":129,"column":22},"end":{"line":129,"column":46}},"loc":{"start":{"line":129,"column":75},"end":{"line":137,"column":1}},"line":129},"12":{"name":"fetchPlacesFromServer","decl":{"start":{"line":139,"column":22},"end":{"line":139,"column":43}},"loc":{"start":{"line":139,"column":81},"end":{"line":147,"column":1}},"line":139},"13":{"name":"fetchAllEventsFromServer","decl":{"start":{"line":149,"column":22},"end":{"line":149,"column":46}},"loc":{"start":{"line":149,"column":83},"end":{"line":157,"column":1}},"line":149},"14":{"name":"getEventMembers","decl":{"start":{"line":159,"column":22},"end":{"line":159,"column":37}},"loc":{"start":{"line":159,"column":74},"end":{"line":167,"column":1}},"line":159},"15":{"name":"fetchAllEventIds","decl":{"start":{"line":169,"column":22},"end":{"line":169,"column":38}},"loc":{"start":{"line":169,"column":66},"end":{"line":175,"column":1}},"line":169},"16":{"name":"(anonymous_16)","decl":{"start":{"line":172,"column":40},"end":{"line":172,"column":41}},"loc":{"start":{"line":172,"column":53},"end":{"line":172,"column":71}},"line":172},"17":{"name":"listenForNewEvent","decl":{"start":{"line":177,"column":16},"end":{"line":177,"column":33}},"loc":{"start":{"line":177,"column":44},"end":{"line":192,"column":1}},"line":177},"18":{"name":"(anonymous_18)","decl":{"start":{"line":178,"column":36},"end":{"line":178,"column":37}},"loc":{"start":{"line":178,"column":68},"end":{"line":191,"column":3}},"line":178},"19":{"name":"listenForEventUpdate","decl":{"start":{"line":194,"column":16},"end":{"line":194,"column":36}},"loc":{"start":{"line":194,"column":47},"end":{"line":206,"column":1}},"line":194},"20":{"name":"(anonymous_20)","decl":{"start":{"line":195,"column":38},"end":{"line":195,"column":39}},"loc":{"start":{"line":195,"column":68},"end":{"line":205,"column":3}},"line":195},"21":{"name":"listenForRoleGrant","decl":{"start":{"line":208,"column":16},"end":{"line":208,"column":34}},"loc":{"start":{"line":208,"column":45},"end":{"line":210,"column":1}},"line":208},"22":{"name":"listenForRoleRevoke","decl":{"start":{"line":212,"column":16},"end":{"line":212,"column":35}},"loc":{"start":{"line":212,"column":46},"end":{"line":214,"column":1}},"line":212},"23":{"name":"listenForRole","decl":{"start":{"line":216,"column":9},"end":{"line":216,"column":22}},"loc":{"start":{"line":216,"column":52},"end":{"line":227,"column":1}},"line":216},"24":{"name":"(anonymous_24)","decl":{"start":{"line":217,"column":39},"end":{"line":217,"column":40}},"loc":{"start":{"line":217,"column":92},"end":{"line":226,"column":3}},"line":217},"25":{"name":"createGatewayUrl","decl":{"start":{"line":229,"column":16},"end":{"line":229,"column":32}},"loc":{"start":{"line":229,"column":38},"end":{"line":237,"column":1}},"line":229},"26":{"name":"setEventCashier","decl":{"start":{"line":239,"column":22},"end":{"line":239,"column":37}},"loc":{"start":{"line":239,"column":83},"end":{"line":246,"column":1}},"line":239},"27":{"name":"createTicketCategory","decl":{"start":{"line":248,"column":22},"end":{"line":248,"column":42}},"loc":{"start":{"line":254,"column":2},"end":{"line":272,"column":1}},"line":254},"28":{"name":"updateCategory","decl":{"start":{"line":274,"column":22},"end":{"line":274,"column":36}},"loc":{"start":{"line":281,"column":2},"end":{"line":297,"column":1}},"line":281},"29":{"name":"removeCategory","decl":{"start":{"line":299,"column":22},"end":{"line":299,"column":36}},"loc":{"start":{"line":299,"column":85},"end":{"line":306,"column":1}},"line":299},"30":{"name":"addCategoryTicketsCount","decl":{"start":{"line":308,"column":22},"end":{"line":308,"column":45}},"loc":{"start":{"line":308,"column":108},"end":{"line":315,"column":1}},"line":308},"31":{"name":"removeCategoryTicketsCount","decl":{"start":{"line":317,"column":22},"end":{"line":317,"column":48}},"loc":{"start":{"line":317,"column":111},"end":{"line":324,"column":1}},"line":317},"32":{"name":"manageCategorySelling","decl":{"start":{"line":326,"column":22},"end":{"line":326,"column":43}},"loc":{"start":{"line":326,"column":99},"end":{"line":333,"column":1}},"line":326},"33":{"name":"manageAllCategorySelling","decl":{"start":{"line":335,"column":22},"end":{"line":335,"column":46}},"loc":{"start":{"line":335,"column":90},"end":{"line":342,"column":1}},"line":335},"34":{"name":"fetchCategoriesByEventId","decl":{"start":{"line":344,"column":22},"end":{"line":344,"column":46}},"loc":{"start":{"line":344,"column":83},"end":{"line":351,"column":1}},"line":344},"35":{"name":"clipTicket","decl":{"start":{"line":353,"column":22},"end":{"line":353,"column":32}},"loc":{"start":{"line":353,"column":91},"end":{"line":360,"column":1}},"line":353},"36":{"name":"bookTickets","decl":{"start":{"line":362,"column":22},"end":{"line":362,"column":33}},"loc":{"start":{"line":362,"column":107},"end":{"line":369,"column":1}},"line":362},"37":{"name":"updateCategorySaleDates","decl":{"start":{"line":371,"column":22},"end":{"line":371,"column":45}},"loc":{"start":{"line":377,"column":2},"end":{"line":389,"column":1}},"line":377}},"branchMap":{"0":{"loc":{"start":{"line":16,"column":76},"end":{"line":16,"column":101}},"type":"default-arg","locations":[{"start":{"line":16,"column":87},"end":{"line":16,"column":101}}],"line":16},"1":{"loc":{"start":{"line":33,"column":42},"end":{"line":33,"column":67}},"type":"default-arg","locations":[{"start":{"line":33,"column":53},"end":{"line":33,"column":67}}],"line":33},"2":{"loc":{"start":{"line":42,"column":44},"end":{"line":42,"column":69}},"type":"default-arg","locations":[{"start":{"line":42,"column":55},"end":{"line":42,"column":69}}],"line":42},"3":{"loc":{"start":{"line":52,"column":42},"end":{"line":52,"column":67}},"type":"default-arg","locations":[{"start":{"line":52,"column":53},"end":{"line":52,"column":67}}],"line":52},"4":{"loc":{"start":{"line":58,"column":48},"end":{"line":58,"column":73}},"type":"default-arg","locations":[{"start":{"line":58,"column":59},"end":{"line":58,"column":73}}],"line":58},"5":{"loc":{"start":{"line":60,"column":2},"end":{"line":65,"column":3}},"type":"if","locations":[{"start":{"line":60,"column":2},"end":{"line":65,"column":3}},{"start":{"line":63,"column":9},"end":{"line":65,"column":3}}],"line":60},"6":{"loc":{"start":{"line":73,"column":43},"end":{"line":73,"column":68}},"type":"default-arg","locations":[{"start":{"line":73,"column":54},"end":{"line":73,"column":68}}],"line":73},"7":{"loc":{"start":{"line":83,"column":71},"end":{"line":83,"column":96}},"type":"default-arg","locations":[{"start":{"line":83,"column":82},"end":{"line":83,"column":96}}],"line":83},"8":{"loc":{"start":{"line":95,"column":47},"end":{"line":95,"column":72}},"type":"default-arg","locations":[{"start":{"line":95,"column":58},"end":{"line":95,"column":72}}],"line":95},"9":{"loc":{"start":{"line":109,"column":60},"end":{"line":109,"column":85}},"type":"default-arg","locations":[{"start":{"line":109,"column":71},"end":{"line":109,"column":85}}],"line":109},"10":{"loc":{"start":{"line":119,"column":63},"end":{"line":119,"column":88}},"type":"default-arg","locations":[{"start":{"line":119,"column":74},"end":{"line":119,"column":88}}],"line":119},"11":{"loc":{"start":{"line":129,"column":47},"end":{"line":129,"column":73}},"type":"default-arg","locations":[{"start":{"line":129,"column":59},"end":{"line":129,"column":73}}],"line":129},"12":{"loc":{"start":{"line":139,"column":53},"end":{"line":139,"column":79}},"type":"default-arg","locations":[{"start":{"line":139,"column":65},"end":{"line":139,"column":79}}],"line":139},"13":{"loc":{"start":{"line":149,"column":55},"end":{"line":149,"column":81}},"type":"default-arg","locations":[{"start":{"line":149,"column":67},"end":{"line":149,"column":81}}],"line":149},"14":{"loc":{"start":{"line":159,"column":47},"end":{"line":159,"column":72}},"type":"default-arg","locations":[{"start":{"line":159,"column":58},"end":{"line":159,"column":72}}],"line":159},"15":{"loc":{"start":{"line":169,"column":39},"end":{"line":169,"column":64}},"type":"default-arg","locations":[{"start":{"line":169,"column":50},"end":{"line":169,"column":64}}],"line":169},"16":{"loc":{"start":{"line":239,"column":56},"end":{"line":239,"column":81}},"type":"default-arg","locations":[{"start":{"line":239,"column":67},"end":{"line":239,"column":81}}],"line":239},"17":{"loc":{"start":{"line":253,"column":2},"end":{"line":253,"column":27}},"type":"default-arg","locations":[{"start":{"line":253,"column":13},"end":{"line":253,"column":27}}],"line":253},"18":{"loc":{"start":{"line":280,"column":2},"end":{"line":280,"column":27}},"type":"default-arg","locations":[{"start":{"line":280,"column":13},"end":{"line":280,"column":27}}],"line":280},"19":{"loc":{"start":{"line":299,"column":58},"end":{"line":299,"column":83}},"type":"default-arg","locations":[{"start":{"line":299,"column":69},"end":{"line":299,"column":83}}],"line":299},"20":{"loc":{"start":{"line":308,"column":81},"end":{"line":308,"column":106}},"type":"default-arg","locations":[{"start":{"line":308,"column":92},"end":{"line":308,"column":106}}],"line":308},"21":{"loc":{"start":{"line":317,"column":84},"end":{"line":317,"column":109}},"type":"default-arg","locations":[{"start":{"line":317,"column":95},"end":{"line":317,"column":109}}],"line":317},"22":{"loc":{"start":{"line":326,"column":72},"end":{"line":326,"column":97}},"type":"default-arg","locations":[{"start":{"line":326,"column":83},"end":{"line":326,"column":97}}],"line":326},"23":{"loc":{"start":{"line":335,"column":63},"end":{"line":335,"column":88}},"type":"default-arg","locations":[{"start":{"line":335,"column":74},"end":{"line":335,"column":88}}],"line":335},"24":{"loc":{"start":{"line":344,"column":56},"end":{"line":344,"column":81}},"type":"default-arg","locations":[{"start":{"line":344,"column":67},"end":{"line":344,"column":81}}],"line":344},"25":{"loc":{"start":{"line":353,"column":64},"end":{"line":353,"column":89}},"type":"default-arg","locations":[{"start":{"line":353,"column":75},"end":{"line":353,"column":89}}],"line":353},"26":{"loc":{"start":{"line":362,"column":80},"end":{"line":362,"column":105}},"type":"default-arg","locations":[{"start":{"line":362,"column":91},"end":{"line":362,"column":105}}],"line":362},"27":{"loc":{"start":{"line":376,"column":2},"end":{"line":376,"column":27}},"type":"default-arg","locations":[{"start":{"line":376,"column":13},"end":{"line":376,"column":27}}],"line":376}},"s":{"0":0,"1":0,"2":0,"3":0,"4":0,"5":0,"6":0,"7":0,"8":0,"9":0,"10":0,"11":0,"12":0,"13":0,"14":0,"15":0,"16":0,"17":0,"18":0,"19":0,"20":0,"21":0,"22":0,"23":0,"24":0,"25":0,"26":0,"27":0,"28":0,"29":0,"30":0,"31":0,"32":0,"33":0,"34":0,"35":0,"36":0,"37":0,"38":0,"39":0,"40":0,"41":0,"42":0,"43":0,"44":0,"45":0,"46":0,"47":0,"48":0,"49":0,"50":0,"51":0,"52":0,"53":0,"54":0,"55":0,"56":0,"57":0,"58":0,"59":0,"60":0,"61":0,"62":0,"63":0,"64":0,"65":0,"66":0,"67":0,"68":0,"69":0,"70":0,"71":0,"72":0,"73":0,"74":0,"75":0,"76":0,"77":0,"78":0,"79":0,"80":0,"81":0,"82":0,"83":0,"84":0,"85":0,"86":0,"87":0,"88":0,"89":0,"90":0,"91":0,"92":0,"93":0,"94":0,"95":0,"96":0,"97":0,"98":0,"99":0,"100":0,"101":0,"102":0,"103":0,"104":0,"105":0,"106":0,"107":0,"108":0,"109":0,"110":0,"111":0,"112":0,"113":0,"114":0,"115":0,"116":0,"117":0,"118":0,"119":0,"120":0,"121":0,"122":0,"123":0,"124":0,"125":0,"126":0,"127":0,"128":0,"129":0,"130":0,"131":0},"f":{"0":0,"1":0,"2":0,"3":0,"4":0,"5":0,"6":0,"7":0,"8":0,"9":0,"10":0,"11":0,"12":0,"13":0,"14":0,"15":0,"16":0,"17":0,"18":0,"19":0,"20":0,"21":0,"22":0,"23":0,"24":0,"25":0,"26":0,"27":0,"28":0,"29":0,"30":0,"31":0,"32":0,"33":0,"34":0,"35":0,"36":0,"37":0},"b":{"0":[0],"1":[0],"2":[0],"3":[0],"4":[0],"5":[0,0],"6":[0],"7":[0],"8":[0],"9":[0],"10":[0],"11":[0],"12":[0],"13":[0],"14":[0],"15":[0],"16":[0],"17":[0],"18":[0],"19":[0],"20":[0],"21":[0],"22":[0],"23":[0],"24":[0],"25":[0],"26":[0],"27":[0]},"_coverageSchema":"1a1c01bbd47fc00a2c39e90264f33305004495a9","hash":"a99ea0d6f3ffee46d7eb431a1bed59b49294d186"}
,"C:\\Users\\vladi\\Desktop\\ets-js-library\\src\\configs\\index.config.js": {"path":"C:\\Users\\vladi\\Desktop\\ets-js-library\\src\\configs\\index.config.js","statementMap":{"0":{"start":{"line":10,"column":12},"end":{"line":10,"column":22}},"1":{"start":{"line":11,"column":34},"end":{"line":11,"column":65}},"2":{"start":{"line":12,"column":23},"end":{"line":12,"column":46}}},"fnMap":{},"branchMap":{},"s":{"0":1,"1":1,"2":1},"f":{},"b":{},"_coverageSchema":"1a1c01bbd47fc00a2c39e90264f33305004495a9","hash":"98cf9a63bb934ea6a5f6df884fb014681c56b6be"}
,"C:\\Users\\vladi\\Desktop\\ets-js-library\\src\\utils\\contract.js": {"path":"C:\\Users\\vladi\\Desktop\\ets-js-library\\src\\utils\\contract.js","statementMap":{"0":{"start":{"line":4,"column":17},"end":{"line":4,"column":55}},"1":{"start":{"line":5,"column":23},"end":{"line":5,"column":82}}},"fnMap":{},"branchMap":{},"s":{"0":1,"1":1},"f":{},"b":{},"_coverageSchema":"1a1c01bbd47fc00a2c39e90264f33305004495a9","hash":"82dee8af168bcd39b9c13bd477b6a2e221ab1830"}
,"C:\\Users\\vladi\\Desktop\\ets-js-library\\src\\utils\\ipfs.utils.js": {"path":"C:\\Users\\vladi\\Desktop\\ets-js-library\\src\\utils\\ipfs.utils.js","statementMap":{"0":{"start":{"line":8,"column":2},"end":{"line":8,"column":66}},"1":{"start":{"line":12,"column":17},"end":{"line":12,"column":60}},"2":{"start":{"line":14,"column":14},"end":{"line":14,"column":42}},"3":{"start":{"line":16,"column":2},"end":{"line":16,"column":17}},"4":{"start":{"line":20,"column":14},"end":{"line":20,"column":36}},"5":{"start":{"line":22,"column":17},"end":{"line":22,"column":60}},"6":{"start":{"line":24,"column":2},"end":{"line":24,"column":27}},"7":{"start":{"line":28,"column":19},"end":{"line":28,"column":51}},"8":{"start":{"line":30,"column":2},"end":{"line":30,"column":18}},"9":{"start":{"line":34,"column":25},"end":{"line":34,"column":27}},"10":{"start":{"line":36,"column":2},"end":{"line":44,"column":3}},"11":{"start":{"line":37,"column":4},"end":{"line":43,"column":5}},"12":{"start":{"line":38,"column":28},"end":{"line":38,"column":77}},"13":{"start":{"line":40,"column":6},"end":{"line":40,"column":46}},"14":{"start":{"line":42,"column":6},"end":{"line":42,"column":18}},"15":{"start":{"line":46,"column":2},"end":{"line":46,"column":24}},"16":{"start":{"line":50,"column":2},"end":{"line":65,"column":3}},"17":{"start":{"line":51,"column":21},"end":{"line":51,"column":53}},"18":{"start":{"line":53,"column":16},"end":{"line":53,"column":40}},"19":{"start":{"line":55,"column":26},"end":{"line":55,"column":46}},"20":{"start":{"line":56,"column":25},"end":{"line":56,"column":63}},"21":{"start":{"line":58,"column":4},"end":{"line":58,"column":41}},"22":{"start":{"line":59,"column":4},"end":{"line":59,"column":38}},"23":{"start":{"line":60,"column":4},"end":{"line":60,"column":47}},"24":{"start":{"line":62,"column":4},"end":{"line":62,"column":25}},"25":{"start":{"line":64,"column":4},"end":{"line":64,"column":16}}},"fnMap":{"0":{"name":"makeGatewayUrl","decl":{"start":{"line":7,"column":9},"end":{"line":7,"column":23}},"loc":{"start":{"line":7,"column":33},"end":{"line":9,"column":1}},"line":7},"1":{"name":"uploadDataToIpfs","decl":{"start":{"line":11,"column":15},"end":{"line":11,"column":31}},"loc":{"start":{"line":11,"column":60},"end":{"line":17,"column":1}},"line":11},"2":{"name":"deleteDataFromService","decl":{"start":{"line":19,"column":15},"end":{"line":19,"column":36}},"loc":{"start":{"line":19,"column":65},"end":{"line":25,"column":1}},"line":19},"3":{"name":"getIpfsUrl","decl":{"start":{"line":27,"column":15},"end":{"line":27,"column":25}},"loc":{"start":{"line":27,"column":62},"end":{"line":31,"column":1}},"line":27},"4":{"name":"fetchEventsMetadata","decl":{"start":{"line":33,"column":15},"end":{"line":33,"column":34}},"loc":{"start":{"line":33,"column":72},"end":{"line":47,"column":1}},"line":33},"5":{"name":"fetchSingleEventMetadata","decl":{"start":{"line":49,"column":15},"end":{"line":49,"column":39}},"loc":{"start":{"line":49,"column":76},"end":{"line":66,"column":1}},"line":49}},"branchMap":{"0":{"loc":{"start":{"line":27,"column":35},"end":{"line":27,"column":60}},"type":"default-arg","locations":[{"start":{"line":27,"column":46},"end":{"line":27,"column":60}}],"line":27},"1":{"loc":{"start":{"line":33,"column":45},"end":{"line":33,"column":70}},"type":"default-arg","locations":[{"start":{"line":33,"column":56},"end":{"line":33,"column":70}}],"line":33},"2":{"loc":{"start":{"line":49,"column":49},"end":{"line":49,"column":74}},"type":"default-arg","locations":[{"start":{"line":49,"column":60},"end":{"line":49,"column":74}}],"line":49}},"s":{"0":0,"1":0,"2":0,"3":0,"4":0,"5":0,"6":0,"7":0,"8":0,"9":0,"10":0,"11":0,"12":0,"13":0,"14":0,"15":0,"16":0,"17":0,"18":0,"19":0,"20":0,"21":0,"22":0,"23":0,"24":0,"25":0},"f":{"0":0,"1":0,"2":0,"3":0,"4":0,"5":0},"b":{"0":[0],"1":[0],"2":[0]},"_coverageSchema":"1a1c01bbd47fc00a2c39e90264f33305004495a9","hash":"6b29843533ab6ea852e13358a50bce04874463d9"}
,"C:\\Users\\vladi\\Desktop\\ets-js-library\\tasks\\deployEventDiamond.js": {"path":"C:\\Users\\vladi\\Desktop\\ets-js-library\\tasks\\deployEventDiamond.js","statementMap":{"0":{"start":{"line":16,"column":19},"end":{"line":16,"column":44}},"1":{"start":{"line":17,"column":24},"end":{"line":17,"column":35}},"2":{"start":{"line":18,"column":31},"end":{"line":18,"column":58}},"3":{"start":{"line":21,"column":31},"end":{"line":24,"column":3}},"4":{"start":{"line":25,"column":31},"end":{"line":25,"column":66}},"5":{"start":{"line":26,"column":2},"end":{"line":26,"column":40}},"6":{"start":{"line":29,"column":23},"end":{"line":29,"column":107}},"7":{"start":{"line":30,"column":23},"end":{"line":36,"column":3}},"8":{"start":{"line":37,"column":2},"end":{"line":37,"column":32}},"9":{"start":{"line":38,"column":2},"end":{"line":38,"column":66}},"10":{"start":{"line":44,"column":27},"end":{"line":44,"column":119}},"11":{"start":{"line":45,"column":27},"end":{"line":45,"column":58}},"12":{"start":{"line":46,"column":2},"end":{"line":46,"column":36}},"13":{"start":{"line":48,"column":14},"end":{"line":48,"column":16}},"14":{"start":{"line":50,"column":33},"end":{"line":53,"column":3}},"15":{"start":{"line":54,"column":33},"end":{"line":54,"column":70}},"16":{"start":{"line":55,"column":2},"end":{"line":55,"column":42}},"17":{"start":{"line":57,"column":2},"end":{"line":61,"column":5}},"18":{"start":{"line":63,"column":30},"end":{"line":63,"column":118}},"19":{"start":{"line":64,"column":30},"end":{"line":64,"column":64}},"20":{"start":{"line":65,"column":2},"end":{"line":65,"column":39}},"21":{"start":{"line":67,"column":2},"end":{"line":71,"column":5}},"22":{"start":{"line":73,"column":21},"end":{"line":73,"column":101}},"23":{"start":{"line":74,"column":21},"end":{"line":74,"column":46}},"24":{"start":{"line":75,"column":2},"end":{"line":75,"column":30}},"25":{"start":{"line":77,"column":22},"end":{"line":77,"column":93}},"26":{"start":{"line":78,"column":19},"end":{"line":78,"column":77}},"27":{"start":{"line":79,"column":2},"end":{"line":79,"column":24}},"28":{"start":{"line":81,"column":19},"end":{"line":81,"column":43}},"29":{"start":{"line":82,"column":22},"end":{"line":82,"column":52}},"30":{"start":{"line":83,"column":2},"end":{"line":85,"column":3}},"31":{"start":{"line":84,"column":4},"end":{"line":84,"column":36}},"32":{"start":{"line":87,"column":2},"end":{"line":91,"column":5}},"33":{"start":{"line":93,"column":21},"end":{"line":93,"column":92}},"34":{"start":{"line":96,"column":23},"end":{"line":96,"column":76}},"35":{"start":{"line":97,"column":13},"end":{"line":97,"column":85}},"36":{"start":{"line":99,"column":18},"end":{"line":99,"column":33}},"37":{"start":{"line":100,"column":2},"end":{"line":102,"column":3}},"38":{"start":{"line":101,"column":4},"end":{"line":101,"column":54}},"39":{"start":{"line":105,"column":2},"end":{"line":105,"column":30}}},"fnMap":{"0":{"name":"deployEventDiamond","decl":{"start":{"line":15,"column":22},"end":{"line":15,"column":40}},"loc":{"start":{"line":15,"column":43},"end":{"line":106,"column":1}},"line":15}},"branchMap":{"0":{"loc":{"start":{"line":83,"column":2},"end":{"line":85,"column":3}},"type":"if","locations":[{"start":{"line":83,"column":2},"end":{"line":85,"column":3}},{"start":{},"end":{}}],"line":83},"1":{"loc":{"start":{"line":100,"column":2},"end":{"line":102,"column":3}},"type":"if","locations":[{"start":{"line":100,"column":2},"end":{"line":102,"column":3}},{"start":{},"end":{}}],"line":100}},"s":{"0":11,"1":0,"2":0,"3":0,"4":0,"5":0,"6":0,"7":0,"8":0,"9":0,"10":0,"11":0,"12":0,"13":0,"14":0,"15":0,"16":0,"17":0,"18":0,"19":0,"20":0,"21":0,"22":0,"23":0,"24":0,"25":0,"26":0,"27":0,"28":0,"29":0,"30":0,"31":0,"32":0,"33":0,"34":0,"35":0,"36":0,"37":0,"38":0,"39":0},"f":{"0":11},"b":{"0":[0,0],"1":[0,0]},"_coverageSchema":"1a1c01bbd47fc00a2c39e90264f33305004495a9","hash":"ce1532d5b81577f2640757fe5c950dfb2d36f7d9"}
,"C:\\Users\\vladi\\Desktop\\ets-js-library\\tasks\\deployTicketDiamond.js": {"path":"C:\\Users\\vladi\\Desktop\\ets-js-library\\tasks\\deployTicketDiamond.js","statementMap":{"0":{"start":{"line":14,"column":19},"end":{"line":14,"column":44}},"1":{"start":{"line":15,"column":24},"end":{"line":15,"column":35}},"2":{"start":{"line":18,"column":32},"end":{"line":21,"column":3}},"3":{"start":{"line":22,"column":32},"end":{"line":22,"column":68}},"4":{"start":{"line":23,"column":2},"end":{"line":23,"column":41}},"5":{"start":{"line":26,"column":24},"end":{"line":26,"column":110}},"6":{"start":{"line":27,"column":24},"end":{"line":32,"column":3}},"7":{"start":{"line":33,"column":2},"end":{"line":33,"column":33}},"8":{"start":{"line":34,"column":2},"end":{"line":34,"column":68}},"9":{"start":{"line":40,"column":28},"end":{"line":43,"column":3}},"10":{"start":{"line":44,"column":28},"end":{"line":44,"column":60}},"11":{"start":{"line":45,"column":2},"end":{"line":45,"column":37}},"12":{"start":{"line":47,"column":14},"end":{"line":47,"column":16}},"13":{"start":{"line":49,"column":34},"end":{"line":52,"column":3}},"14":{"start":{"line":53,"column":34},"end":{"line":53,"column":72}},"15":{"start":{"line":54,"column":2},"end":{"line":54,"column":43}},"16":{"start":{"line":56,"column":2},"end":{"line":60,"column":5}},"17":{"start":{"line":62,"column":31},"end":{"line":65,"column":3}},"18":{"start":{"line":66,"column":31},"end":{"line":66,"column":66}},"19":{"start":{"line":67,"column":2},"end":{"line":67,"column":40}},"20":{"start":{"line":69,"column":2},"end":{"line":73,"column":5}},"21":{"start":{"line":75,"column":22},"end":{"line":75,"column":104}},"22":{"start":{"line":76,"column":22},"end":{"line":76,"column":48}},"23":{"start":{"line":77,"column":2},"end":{"line":77,"column":31}},"24":{"start":{"line":79,"column":19},"end":{"line":79,"column":44}},"25":{"start":{"line":80,"column":22},"end":{"line":80,"column":52}},"26":{"start":{"line":81,"column":2},"end":{"line":83,"column":3}},"27":{"start":{"line":82,"column":4},"end":{"line":82,"column":36}},"28":{"start":{"line":85,"column":2},"end":{"line":89,"column":5}},"29":{"start":{"line":91,"column":21},"end":{"line":91,"column":93}},"30":{"start":{"line":95,"column":21},"end":{"line":95,"column":75}},"31":{"start":{"line":96,"column":2},"end":{"line":96,"column":81}},"32":{"start":{"line":98,"column":2},"end":{"line":98,"column":28}},"33":{"start":{"line":99,"column":2},"end":{"line":101,"column":3}},"34":{"start":{"line":100,"column":4},"end":{"line":100,"column":54}},"35":{"start":{"line":103,"column":2},"end":{"line":103,"column":31}}},"fnMap":{"0":{"name":"deployTicketDiamond","decl":{"start":{"line":13,"column":22},"end":{"line":13,"column":41}},"loc":{"start":{"line":13,"column":44},"end":{"line":104,"column":1}},"line":13}},"branchMap":{"0":{"loc":{"start":{"line":81,"column":2},"end":{"line":83,"column":3}},"type":"if","locations":[{"start":{"line":81,"column":2},"end":{"line":83,"column":3}},{"start":{},"end":{}}],"line":81},"1":{"loc":{"start":{"line":99,"column":2},"end":{"line":101,"column":3}},"type":"if","locations":[{"start":{"line":99,"column":2},"end":{"line":101,"column":3}},{"start":{},"end":{}}],"line":99}},"s":{"0":0,"1":0,"2":0,"3":0,"4":0,"5":0,"6":0,"7":0,"8":0,"9":0,"10":0,"11":0,"12":0,"13":0,"14":0,"15":0,"16":0,"17":0,"18":0,"19":0,"20":0,"21":0,"22":0,"23":0,"24":0,"25":0,"26":0,"27":0,"28":0,"29":0,"30":0,"31":0,"32":0,"33":0,"34":0,"35":0},"f":{"0":0},"b":{"0":[0,0],"1":[0,0]},"_coverageSchema":"1a1c01bbd47fc00a2c39e90264f33305004495a9","hash":"62d76159c51fe318d0691e14828fb1cd5650a6b0"}
,"C:\\Users\\vladi\\Desktop\\ets-js-library\\tasks\\libraries\\diamond.js": {"path":"C:\\Users\\vladi\\Desktop\\ets-js-library\\tasks\\libraries\\diamond.js","statementMap":{"0":{"start":{"line":5,"column":21},"end":{"line":5,"column":62}},"1":{"start":{"line":7,"column":20},"end":{"line":13,"column":8}},"2":{"start":{"line":8,"column":4},"end":{"line":11,"column":5}},"3":{"start":{"line":10,"column":6},"end":{"line":10,"column":51}},"4":{"start":{"line":12,"column":4},"end":{"line":12,"column":15}},"5":{"start":{"line":14,"column":2},"end":{"line":14,"column":32}},"6":{"start":{"line":15,"column":2},"end":{"line":15,"column":28}},"7":{"start":{"line":16,"column":2},"end":{"line":16,"column":22}},"8":{"start":{"line":17,"column":2},"end":{"line":17,"column":19}},"9":{"start":{"line":22,"column":23},"end":{"line":22,"column":57}},"10":{"start":{"line":23,"column":2},"end":{"line":23,"column":67}},"11":{"start":{"line":29,"column":20},"end":{"line":36,"column":4}},"12":{"start":{"line":30,"column":4},"end":{"line":34,"column":5}},"13":{"start":{"line":31,"column":6},"end":{"line":33,"column":7}},"14":{"start":{"line":32,"column":8},"end":{"line":32,"column":21}},"15":{"start":{"line":35,"column":4},"end":{"line":35,"column":16}},"16":{"start":{"line":37,"column":2},"end":{"line":37,"column":37}},"17":{"start":{"line":38,"column":2},"end":{"line":38,"column":33}},"18":{"start":{"line":39,"column":2},"end":{"line":39,"column":27}},"19":{"start":{"line":40,"column":2},"end":{"line":40,"column":19}},"20":{"start":{"line":46,"column":20},"end":{"line":53,"column":4}},"21":{"start":{"line":47,"column":4},"end":{"line":51,"column":5}},"22":{"start":{"line":48,"column":6},"end":{"line":50,"column":7}},"23":{"start":{"line":49,"column":8},"end":{"line":49,"column":20}},"24":{"start":{"line":52,"column":4},"end":{"line":52,"column":17}},"25":{"start":{"line":54,"column":2},"end":{"line":54,"column":37}},"26":{"start":{"line":55,"column":2},"end":{"line":55,"column":33}},"27":{"start":{"line":56,"column":2},"end":{"line":56,"column":27}},"28":{"start":{"line":57,"column":2},"end":{"line":57,"column":19}},"29":{"start":{"line":62,"column":16},"end":{"line":62,"column":82}},"30":{"start":{"line":62,"column":65},"end":{"line":62,"column":80}},"31":{"start":{"line":63,"column":26},"end":{"line":63,"column":68}},"32":{"start":{"line":63,"column":48},"end":{"line":63,"column":67}},"33":{"start":{"line":64,"column":2},"end":{"line":64,"column":68}},"34":{"start":{"line":64,"column":38},"end":{"line":64,"column":66}},"35":{"start":{"line":65,"column":2},"end":{"line":65,"column":19}},"36":{"start":{"line":70,"column":2},"end":{"line":74,"column":3}},"37":{"start":{"line":70,"column":15},"end":{"line":70,"column":16}},"38":{"start":{"line":71,"column":4},"end":{"line":73,"column":5}},"39":{"start":{"line":72,"column":6},"end":{"line":72,"column":15}}},"fnMap":{"0":{"name":"getSelectors","decl":{"start":{"line":4,"column":16},"end":{"line":4,"column":28}},"loc":{"start":{"line":4,"column":39},"end":{"line":18,"column":1}},"line":4},"1":{"name":"(anonymous_1)","decl":{"start":{"line":7,"column":38},"end":{"line":7,"column":39}},"loc":{"start":{"line":7,"column":52},"end":{"line":13,"column":3}},"line":7},"2":{"name":"getSelector","decl":{"start":{"line":21,"column":16},"end":{"line":21,"column":27}},"loc":{"start":{"line":21,"column":34},"end":{"line":24,"column":1}},"line":21},"3":{"name":"remove","decl":{"start":{"line":28,"column":16},"end":{"line":28,"column":22}},"loc":{"start":{"line":28,"column":38},"end":{"line":41,"column":1}},"line":28},"4":{"name":"(anonymous_4)","decl":{"start":{"line":29,"column":32},"end":{"line":29,"column":33}},"loc":{"start":{"line":29,"column":39},"end":{"line":36,"column":3}},"line":29},"5":{"name":"get","decl":{"start":{"line":45,"column":16},"end":{"line":45,"column":19}},"loc":{"start":{"line":45,"column":35},"end":{"line":58,"column":1}},"line":45},"6":{"name":"(anonymous_6)","decl":{"start":{"line":46,"column":32},"end":{"line":46,"column":33}},"loc":{"start":{"line":46,"column":39},"end":{"line":53,"column":3}},"line":46},"7":{"name":"removeSelectors","decl":{"start":{"line":61,"column":16},"end":{"line":61,"column":31}},"loc":{"start":{"line":61,"column":55},"end":{"line":66,"column":1}},"line":61},"8":{"name":"(anonymous_8)","decl":{"start":{"line":62,"column":58},"end":{"line":62,"column":59}},"loc":{"start":{"line":62,"column":65},"end":{"line":62,"column":80}},"line":62},"9":{"name":"(anonymous_9)","decl":{"start":{"line":63,"column":41},"end":{"line":63,"column":42}},"loc":{"start":{"line":63,"column":48},"end":{"line":63,"column":67}},"line":63},"10":{"name":"(anonymous_10)","decl":{"start":{"line":64,"column":31},"end":{"line":64,"column":32}},"loc":{"start":{"line":64,"column":38},"end":{"line":64,"column":66}},"line":64},"11":{"name":"findAddressPositionInFacets","decl":{"start":{"line":69,"column":16},"end":{"line":69,"column":43}},"loc":{"start":{"line":69,"column":66},"end":{"line":75,"column":1}},"line":69}},"branchMap":{"0":{"loc":{"start":{"line":8,"column":4},"end":{"line":11,"column":5}},"type":"if","locations":[{"start":{"line":8,"column":4},"end":{"line":11,"column":5}},{"start":{},"end":{}}],"line":8},"1":{"loc":{"start":{"line":31,"column":6},"end":{"line":33,"column":7}},"type":"if","locations":[{"start":{"line":31,"column":6},"end":{"line":33,"column":7}},{"start":{},"end":{}}],"line":31},"2":{"loc":{"start":{"line":48,"column":6},"end":{"line":50,"column":7}},"type":"if","locations":[{"start":{"line":48,"column":6},"end":{"line":50,"column":7}},{"start":{},"end":{}}],"line":48},"3":{"loc":{"start":{"line":71,"column":4},"end":{"line":73,"column":5}},"type":"if","locations":[{"start":{"line":71,"column":4},"end":{"line":73,"column":5}},{"start":{},"end":{}}],"line":71}},"s":{"0":0,"1":0,"2":0,"3":0,"4":0,"5":0,"6":0,"7":0,"8":0,"9":0,"10":0,"11":0,"12":0,"13":0,"14":0,"15":0,"16":0,"17":0,"18":0,"19":0,"20":0,"21":0,"22":0,"23":0,"24":0,"25":0,"26":0,"27":0,"28":0,"29":0,"30":0,"31":0,"32":0,"33":0,"34":0,"35":0,"36":0,"37":0,"38":0,"39":0},"f":{"0":0,"1":0,"2":0,"3":0,"4":0,"5":0,"6":0,"7":0,"8":0,"9":0,"10":0,"11":0},"b":{"0":[0,0],"1":[0,0],"2":[0,0],"3":[0,0]},"_coverageSchema":"1a1c01bbd47fc00a2c39e90264f33305004495a9","hash":"f15177c254cafbf0ccc57616c702d1cb25b3fec8"}
,"C:\\Users\\vladi\\Desktop\\ets-js-library\\test\\config.js": {"path":"C:\\Users\\vladi\\Desktop\\ets-js-library\\test\\config.js","statementMap":{"0":{"start":{"line":2,"column":2},"end":{"line":4,"column":103}},"1":{"start":{"line":6,"column":24},"end":{"line":6,"column":68}},"2":{"start":{"line":8,"column":23},"end":{"line":33,"column":1}},"3":{"start":{"line":35,"column":26},"end":{"line":55,"column":1}},"4":{"start":{"line":57,"column":31},"end":{"line":70,"column":1}},"5":{"start":{"line":72,"column":27},"end":{"line":83,"column":1}}},"fnMap":{},"branchMap":{},"s":{"0":1,"1":1,"2":1,"3":1,"4":1,"5":1},"f":{},"b":{},"_coverageSchema":"1a1c01bbd47fc00a2c39e90264f33305004495a9","hash":"f22dff577aa928258b321b5db6f671cf7d1b931f"}
}
