{"C:\\Users\\vladi\\Desktop\\ets-js-library\\__tests__\\config.js": {"path":"C:\\Users\\vladi\\Desktop\\ets-js-library\\__tests__\\config.js","statementMap":{"0":{"start":{"line":6,"column":2},"end":{"line":8,"column":103}},"1":{"start":{"line":10,"column":37},"end":{"line":10,"column":81}},"2":{"start":{"line":11,"column":24},"end":{"line":11,"column":68}},"3":{"start":{"line":13,"column":20},"end":{"line":13,"column":64}},"4":{"start":{"line":14,"column":17},"end":{"line":14,"column":55}},"5":{"start":{"line":15,"column":15},"end":{"line":15,"column":55}},"6":{"start":{"line":17,"column":27},"end":{"line":17,"column":91}},"7":{"start":{"line":19,"column":23},"end":{"line":45,"column":1}}},"fnMap":{},"branchMap":{},"s":{"0":1,"1":1,"2":1,"3":1,"4":1,"5":1,"6":1,"7":1},"f":{},"b":{},"_coverageSchema":"1a1c01bbd47fc00a2c39e90264f33305004495a9","hash":"1a3629405195f15fcb7c807ce9fd999079099ac0"}
,"C:\\Users\\vladi\\Desktop\\ets-js-library\\config\\constants.cjs": {"path":"C:\\Users\\vladi\\Desktop\\ets-js-library\\config\\constants.cjs","statementMap":{"0":{"start":{"line":1,"column":33},"end":{"line":1,"column":77}},"1":{"start":{"line":2,"column":32},"end":{"line":2,"column":76}},"2":{"start":{"line":3,"column":20},"end":{"line":3,"column":64}},"3":{"start":{"line":4,"column":23},"end":{"line":4,"column":31}},"4":{"start":{"line":5,"column":19},"end":{"line":5,"column":25}},"5":{"start":{"line":6,"column":18},"end":{"line":6,"column":42}},"6":{"start":{"line":8,"column":0},"end":{"line":15,"column":2}}},"fnMap":{},"branchMap":{},"s":{"0":2,"1":2,"2":2,"3":2,"4":2,"5":2,"6":2},"f":{},"b":{},"inputSourceMap":null,"_coverageSchema":"1a1c01bbd47fc00a2c39e90264f33305004495a9","hash":"0569c86ba927087e5d484e4b4637b7b5ca71bd9b"}
,"C:\\Users\\vladi\\Desktop\\ets-js-library\\src\\index.js": {"path":"C:\\Users\\vladi\\Desktop\\ets-js-library\\src\\index.js","statementMap":{"0":{"start":{"line":10,"column":2},"end":{"line":17,"column":3}},"1":{"start":{"line":11,"column":4},"end":{"line":11,"column":27}},"2":{"start":{"line":12,"column":16},"end":{"line":12,"column":66}},"3":{"start":{"line":13,"column":15},"end":{"line":13,"column":86}},"4":{"start":{"line":14,"column":4},"end":{"line":14,"column":14}},"5":{"start":{"line":16,"column":4},"end":{"line":16,"column":16}},"6":{"start":{"line":21,"column":2},"end":{"line":27,"column":3}},"7":{"start":{"line":22,"column":21},"end":{"line":22,"column":66}},"8":{"start":{"line":24,"column":4},"end":{"line":24,"column":20}},"9":{"start":{"line":26,"column":4},"end":{"line":26,"column":16}},"10":{"start":{"line":31,"column":17},"end":{"line":31,"column":57}},"11":{"start":{"line":32,"column":19},"end":{"line":32,"column":68}},"12":{"start":{"line":33,"column":17},"end":{"line":33,"column":54}},"13":{"start":{"line":34,"column":2},"end":{"line":34,"column":16}},"14":{"start":{"line":38,"column":2},"end":{"line":44,"column":3}},"15":{"start":{"line":39,"column":15},"end":{"line":39,"column":70}},"16":{"start":{"line":41,"column":4},"end":{"line":41,"column":14}},"17":{"start":{"line":43,"column":4},"end":{"line":43,"column":16}},"18":{"start":{"line":48,"column":2},"end":{"line":56,"column":3}},"19":{"start":{"line":49,"column":16},"end":{"line":49,"column":73}},"20":{"start":{"line":51,"column":15},"end":{"line":51,"column":83}},"21":{"start":{"line":53,"column":4},"end":{"line":53,"column":14}},"22":{"start":{"line":55,"column":4},"end":{"line":55,"column":16}},"23":{"start":{"line":60,"column":14},"end":{"line":60,"column":49}},"24":{"start":{"line":62,"column":2},"end":{"line":62,"column":13}},"25":{"start":{"line":66,"column":2},"end":{"line":70,"column":3}},"26":{"start":{"line":67,"column":4},"end":{"line":67,"column":59}},"27":{"start":{"line":69,"column":4},"end":{"line":69,"column":16}},"28":{"start":{"line":74,"column":2},"end":{"line":80,"column":3}},"29":{"start":{"line":75,"column":15},"end":{"line":75,"column":87}},"30":{"start":{"line":77,"column":4},"end":{"line":77,"column":14}},"31":{"start":{"line":79,"column":4},"end":{"line":79,"column":16}},"32":{"start":{"line":84,"column":2},"end":{"line":90,"column":3}},"33":{"start":{"line":85,"column":15},"end":{"line":85,"column":90}},"34":{"start":{"line":87,"column":4},"end":{"line":87,"column":14}},"35":{"start":{"line":89,"column":4},"end":{"line":89,"column":16}},"36":{"start":{"line":94,"column":2},"end":{"line":100,"column":3}},"37":{"start":{"line":95,"column":21},"end":{"line":95,"column":69}},"38":{"start":{"line":97,"column":4},"end":{"line":97,"column":20}},"39":{"start":{"line":99,"column":4},"end":{"line":99,"column":16}},"40":{"start":{"line":104,"column":2},"end":{"line":110,"column":3}},"41":{"start":{"line":105,"column":21},"end":{"line":105,"column":85}},"42":{"start":{"line":107,"column":4},"end":{"line":107,"column":20}},"43":{"start":{"line":109,"column":4},"end":{"line":109,"column":16}},"44":{"start":{"line":114,"column":2},"end":{"line":120,"column":3}},"45":{"start":{"line":115,"column":21},"end":{"line":115,"column":75}},"46":{"start":{"line":117,"column":4},"end":{"line":117,"column":20}},"47":{"start":{"line":119,"column":4},"end":{"line":119,"column":16}},"48":{"start":{"line":124,"column":2},"end":{"line":130,"column":3}},"49":{"start":{"line":125,"column":20},"end":{"line":125,"column":59}},"50":{"start":{"line":127,"column":4},"end":{"line":127,"column":19}},"51":{"start":{"line":129,"column":4},"end":{"line":129,"column":16}},"52":{"start":{"line":134,"column":24},"end":{"line":134,"column":57}},"53":{"start":{"line":136,"column":22},"end":{"line":136,"column":72}},"54":{"start":{"line":136,"column":53},"end":{"line":136,"column":71}},"55":{"start":{"line":138,"column":2},"end":{"line":138,"column":21}},"56":{"start":{"line":142,"column":2},"end":{"line":155,"column":5}},"57":{"start":{"line":143,"column":16},"end":{"line":143,"column":45}},"58":{"start":{"line":144,"column":26},"end":{"line":144,"column":46}},"59":{"start":{"line":146,"column":24},"end":{"line":146,"column":54}},"60":{"start":{"line":148,"column":17},"end":{"line":152,"column":5}},"61":{"start":{"line":154,"column":4},"end":{"line":154,"column":38}},"62":{"start":{"line":159,"column":2},"end":{"line":169,"column":5}},"63":{"start":{"line":161,"column":27},"end":{"line":161,"column":66}},"64":{"start":{"line":163,"column":17},"end":{"line":166,"column":5}},"65":{"start":{"line":168,"column":4},"end":{"line":168,"column":25}},"66":{"start":{"line":173,"column":2},"end":{"line":173,"column":41}},"67":{"start":{"line":177,"column":2},"end":{"line":177,"column":41}},"68":{"start":{"line":181,"column":2},"end":{"line":190,"column":5}},"69":{"start":{"line":182,"column":17},"end":{"line":187,"column":5}},"70":{"start":{"line":189,"column":4},"end":{"line":189,"column":25}},"71":{"start":{"line":194,"column":2},"end":{"line":200,"column":3}},"72":{"start":{"line":195,"column":23},"end":{"line":195,"column":42}},"73":{"start":{"line":197,"column":4},"end":{"line":197,"column":22}},"74":{"start":{"line":199,"column":4},"end":{"line":199,"column":16}},"75":{"start":{"line":204,"column":2},"end":{"line":209,"column":3}},"76":{"start":{"line":205,"column":15},"end":{"line":205,"column":74}},"77":{"start":{"line":206,"column":4},"end":{"line":206,"column":14}},"78":{"start":{"line":208,"column":4},"end":{"line":208,"column":16}},"79":{"start":{"line":213,"column":2},"end":{"line":219,"column":3}},"80":{"start":{"line":214,"column":16},"end":{"line":214,"column":66}},"81":{"start":{"line":215,"column":15},"end":{"line":215,"column":84}},"82":{"start":{"line":216,"column":4},"end":{"line":216,"column":14}},"83":{"start":{"line":218,"column":4},"end":{"line":218,"column":16}},"84":{"start":{"line":223,"column":2},"end":{"line":229,"column":3}},"85":{"start":{"line":224,"column":16},"end":{"line":224,"column":66}},"86":{"start":{"line":225,"column":15},"end":{"line":225,"column":93}},"87":{"start":{"line":226,"column":4},"end":{"line":226,"column":14}},"88":{"start":{"line":228,"column":4},"end":{"line":228,"column":16}},"89":{"start":{"line":233,"column":2},"end":{"line":238,"column":3}},"90":{"start":{"line":234,"column":15},"end":{"line":234,"column":85}},"91":{"start":{"line":235,"column":4},"end":{"line":235,"column":14}},"92":{"start":{"line":237,"column":4},"end":{"line":237,"column":16}},"93":{"start":{"line":242,"column":2},"end":{"line":247,"column":3}},"94":{"start":{"line":243,"column":15},"end":{"line":243,"column":91}},"95":{"start":{"line":244,"column":4},"end":{"line":244,"column":14}},"96":{"start":{"line":246,"column":4},"end":{"line":246,"column":16}},"97":{"start":{"line":251,"column":2},"end":{"line":256,"column":3}},"98":{"start":{"line":252,"column":15},"end":{"line":252,"column":90}},"99":{"start":{"line":253,"column":4},"end":{"line":253,"column":14}},"100":{"start":{"line":255,"column":4},"end":{"line":255,"column":16}},"101":{"start":{"line":260,"column":2},"end":{"line":265,"column":3}},"102":{"start":{"line":261,"column":15},"end":{"line":261,"column":82}},"103":{"start":{"line":262,"column":4},"end":{"line":262,"column":14}},"104":{"start":{"line":264,"column":4},"end":{"line":264,"column":16}},"105":{"start":{"line":269,"column":2},"end":{"line":274,"column":3}},"106":{"start":{"line":270,"column":15},"end":{"line":270,"column":81}},"107":{"start":{"line":271,"column":4},"end":{"line":271,"column":14}},"108":{"start":{"line":273,"column":4},"end":{"line":273,"column":16}},"109":{"start":{"line":278,"column":2},"end":{"line":283,"column":3}},"110":{"start":{"line":279,"column":23},"end":{"line":279,"column":71}},"111":{"start":{"line":280,"column":4},"end":{"line":280,"column":22}},"112":{"start":{"line":282,"column":4},"end":{"line":282,"column":16}},"113":{"start":{"line":287,"column":2},"end":{"line":292,"column":3}},"114":{"start":{"line":288,"column":15},"end":{"line":288,"column":91}},"115":{"start":{"line":289,"column":4},"end":{"line":289,"column":14}},"116":{"start":{"line":291,"column":4},"end":{"line":291,"column":16}},"117":{"start":{"line":296,"column":2},"end":{"line":301,"column":3}},"118":{"start":{"line":297,"column":15},"end":{"line":297,"column":107}},"119":{"start":{"line":298,"column":4},"end":{"line":298,"column":14}},"120":{"start":{"line":300,"column":4},"end":{"line":300,"column":16}},"121":{"start":{"line":305,"column":2},"end":{"line":310,"column":3}},"122":{"start":{"line":306,"column":15},"end":{"line":306,"column":108}},"123":{"start":{"line":307,"column":4},"end":{"line":307,"column":14}},"124":{"start":{"line":309,"column":4},"end":{"line":309,"column":16}}},"fnMap":{"0":{"name":"createEvent","decl":{"start":{"line":9,"column":22},"end":{"line":9,"column":33}},"loc":{"start":{"line":9,"column":116},"end":{"line":18,"column":1}},"line":9},"1":{"name":"fetchEvents","decl":{"start":{"line":20,"column":22},"end":{"line":20,"column":33}},"loc":{"start":{"line":20,"column":54},"end":{"line":28,"column":1}},"line":20},"2":{"name":"fetchOwnedEvents","decl":{"start":{"line":30,"column":22},"end":{"line":30,"column":38}},"loc":{"start":{"line":30,"column":75},"end":{"line":35,"column":1}},"line":30},"3":{"name":"removeEvent","decl":{"start":{"line":37,"column":22},"end":{"line":37,"column":33}},"loc":{"start":{"line":37,"column":70},"end":{"line":45,"column":1}},"line":37},"4":{"name":"updateEvent","decl":{"start":{"line":47,"column":22},"end":{"line":47,"column":33}},"loc":{"start":{"line":47,"column":105},"end":{"line":57,"column":1}},"line":47},"5":{"name":"getEventIpfsUri","decl":{"start":{"line":59,"column":22},"end":{"line":59,"column":37}},"loc":{"start":{"line":59,"column":57},"end":{"line":63,"column":1}},"line":59},"6":{"name":"deleteFromIpfs","decl":{"start":{"line":65,"column":22},"end":{"line":65,"column":36}},"loc":{"start":{"line":65,"column":64},"end":{"line":71,"column":1}},"line":65},"7":{"name":"addTeamMember","decl":{"start":{"line":73,"column":22},"end":{"line":73,"column":35}},"loc":{"start":{"line":73,"column":87},"end":{"line":81,"column":1}},"line":73},"8":{"name":"removeTeamMember","decl":{"start":{"line":83,"column":22},"end":{"line":83,"column":38}},"loc":{"start":{"line":83,"column":90},"end":{"line":91,"column":1}},"line":83},"9":{"name":"fetchCountriesFromServer","decl":{"start":{"line":93,"column":22},"end":{"line":93,"column":46}},"loc":{"start":{"line":93,"column":75},"end":{"line":101,"column":1}},"line":93},"10":{"name":"fetchPlacesFromServer","decl":{"start":{"line":103,"column":22},"end":{"line":103,"column":43}},"loc":{"start":{"line":103,"column":81},"end":{"line":111,"column":1}},"line":103},"11":{"name":"fetchAllEventsFromServer","decl":{"start":{"line":113,"column":22},"end":{"line":113,"column":46}},"loc":{"start":{"line":113,"column":83},"end":{"line":121,"column":1}},"line":113},"12":{"name":"getEventMembers","decl":{"start":{"line":123,"column":22},"end":{"line":123,"column":37}},"loc":{"start":{"line":123,"column":74},"end":{"line":131,"column":1}},"line":123},"13":{"name":"fetchAllEventIds","decl":{"start":{"line":133,"column":22},"end":{"line":133,"column":38}},"loc":{"start":{"line":133,"column":66},"end":{"line":139,"column":1}},"line":133},"14":{"name":"(anonymous_14)","decl":{"start":{"line":136,"column":40},"end":{"line":136,"column":41}},"loc":{"start":{"line":136,"column":53},"end":{"line":136,"column":71}},"line":136},"15":{"name":"listenForNewEvent","decl":{"start":{"line":141,"column":16},"end":{"line":141,"column":33}},"loc":{"start":{"line":141,"column":44},"end":{"line":156,"column":1}},"line":141},"16":{"name":"(anonymous_16)","decl":{"start":{"line":142,"column":36},"end":{"line":142,"column":37}},"loc":{"start":{"line":142,"column":68},"end":{"line":155,"column":3}},"line":142},"17":{"name":"listenForEventUpdate","decl":{"start":{"line":158,"column":16},"end":{"line":158,"column":36}},"loc":{"start":{"line":158,"column":47},"end":{"line":170,"column":1}},"line":158},"18":{"name":"(anonymous_18)","decl":{"start":{"line":159,"column":38},"end":{"line":159,"column":39}},"loc":{"start":{"line":159,"column":68},"end":{"line":169,"column":3}},"line":159},"19":{"name":"listenForRoleGrant","decl":{"start":{"line":172,"column":16},"end":{"line":172,"column":34}},"loc":{"start":{"line":172,"column":45},"end":{"line":174,"column":1}},"line":172},"20":{"name":"listenForRoleRevoke","decl":{"start":{"line":176,"column":16},"end":{"line":176,"column":35}},"loc":{"start":{"line":176,"column":46},"end":{"line":178,"column":1}},"line":176},"21":{"name":"listenForRole","decl":{"start":{"line":180,"column":9},"end":{"line":180,"column":22}},"loc":{"start":{"line":180,"column":39},"end":{"line":191,"column":1}},"line":180},"22":{"name":"(anonymous_22)","decl":{"start":{"line":181,"column":26},"end":{"line":181,"column":27}},"loc":{"start":{"line":181,"column":79},"end":{"line":190,"column":3}},"line":181},"23":{"name":"createGatewayUrl","decl":{"start":{"line":193,"column":16},"end":{"line":193,"column":32}},"loc":{"start":{"line":193,"column":38},"end":{"line":201,"column":1}},"line":193},"24":{"name":"setEventCashier","decl":{"start":{"line":203,"column":22},"end":{"line":203,"column":37}},"loc":{"start":{"line":203,"column":74},"end":{"line":210,"column":1}},"line":203},"25":{"name":"createTicketCategory","decl":{"start":{"line":212,"column":22},"end":{"line":212,"column":42}},"loc":{"start":{"line":212,"column":107},"end":{"line":220,"column":1}},"line":212},"26":{"name":"updateCategoryUri","decl":{"start":{"line":222,"column":22},"end":{"line":222,"column":39}},"loc":{"start":{"line":222,"column":116},"end":{"line":230,"column":1}},"line":222},"27":{"name":"removeCategory","decl":{"start":{"line":232,"column":22},"end":{"line":232,"column":36}},"loc":{"start":{"line":232,"column":85},"end":{"line":239,"column":1}},"line":232},"28":{"name":"startCategorySelling","decl":{"start":{"line":241,"column":22},"end":{"line":241,"column":42}},"loc":{"start":{"line":241,"column":91},"end":{"line":248,"column":1}},"line":241},"29":{"name":"stopCategorySelling","decl":{"start":{"line":250,"column":22},"end":{"line":250,"column":41}},"loc":{"start":{"line":250,"column":90},"end":{"line":257,"column":1}},"line":250},"30":{"name":"startAllCategorySelling","decl":{"start":{"line":259,"column":22},"end":{"line":259,"column":45}},"loc":{"start":{"line":259,"column":82},"end":{"line":266,"column":1}},"line":259},"31":{"name":"stopAllCategorySelling","decl":{"start":{"line":268,"column":22},"end":{"line":268,"column":44}},"loc":{"start":{"line":268,"column":81},"end":{"line":275,"column":1}},"line":268},"32":{"name":"fetchCategoriesByEventId","decl":{"start":{"line":277,"column":22},"end":{"line":277,"column":46}},"loc":{"start":{"line":277,"column":83},"end":{"line":284,"column":1}},"line":277},"33":{"name":"clipTicket","decl":{"start":{"line":286,"column":22},"end":{"line":286,"column":32}},"loc":{"start":{"line":286,"column":91},"end":{"line":293,"column":1}},"line":286},"34":{"name":"bookTickets","decl":{"start":{"line":295,"column":22},"end":{"line":295,"column":33}},"loc":{"start":{"line":295,"column":107},"end":{"line":302,"column":1}},"line":295},"35":{"name":"buyTickets","decl":{"start":{"line":304,"column":22},"end":{"line":304,"column":32}},"loc":{"start":{"line":304,"column":108},"end":{"line":311,"column":1}},"line":304}},"branchMap":{"0":{"loc":{"start":{"line":9,"column":89},"end":{"line":9,"column":114}},"type":"default-arg","locations":[{"start":{"line":9,"column":100},"end":{"line":9,"column":114}}],"line":9},"1":{"loc":{"start":{"line":30,"column":48},"end":{"line":30,"column":73}},"type":"default-arg","locations":[{"start":{"line":30,"column":59},"end":{"line":30,"column":73}}],"line":30},"2":{"loc":{"start":{"line":37,"column":43},"end":{"line":37,"column":68}},"type":"default-arg","locations":[{"start":{"line":37,"column":54},"end":{"line":37,"column":68}}],"line":37},"3":{"loc":{"start":{"line":47,"column":78},"end":{"line":47,"column":103}},"type":"default-arg","locations":[{"start":{"line":47,"column":89},"end":{"line":47,"column":103}}],"line":47},"4":{"loc":{"start":{"line":73,"column":60},"end":{"line":73,"column":85}},"type":"default-arg","locations":[{"start":{"line":73,"column":71},"end":{"line":73,"column":85}}],"line":73},"5":{"loc":{"start":{"line":83,"column":63},"end":{"line":83,"column":88}},"type":"default-arg","locations":[{"start":{"line":83,"column":74},"end":{"line":83,"column":88}}],"line":83},"6":{"loc":{"start":{"line":93,"column":47},"end":{"line":93,"column":73}},"type":"default-arg","locations":[{"start":{"line":93,"column":59},"end":{"line":93,"column":73}}],"line":93},"7":{"loc":{"start":{"line":103,"column":53},"end":{"line":103,"column":79}},"type":"default-arg","locations":[{"start":{"line":103,"column":65},"end":{"line":103,"column":79}}],"line":103},"8":{"loc":{"start":{"line":113,"column":55},"end":{"line":113,"column":81}},"type":"default-arg","locations":[{"start":{"line":113,"column":67},"end":{"line":113,"column":81}}],"line":113},"9":{"loc":{"start":{"line":123,"column":47},"end":{"line":123,"column":72}},"type":"default-arg","locations":[{"start":{"line":123,"column":58},"end":{"line":123,"column":72}}],"line":123},"10":{"loc":{"start":{"line":133,"column":39},"end":{"line":133,"column":64}},"type":"default-arg","locations":[{"start":{"line":133,"column":50},"end":{"line":133,"column":64}}],"line":133},"11":{"loc":{"start":{"line":203,"column":47},"end":{"line":203,"column":72}},"type":"default-arg","locations":[{"start":{"line":203,"column":58},"end":{"line":203,"column":72}}],"line":203},"12":{"loc":{"start":{"line":212,"column":80},"end":{"line":212,"column":105}},"type":"default-arg","locations":[{"start":{"line":212,"column":91},"end":{"line":212,"column":105}}],"line":212},"13":{"loc":{"start":{"line":222,"column":89},"end":{"line":222,"column":114}},"type":"default-arg","locations":[{"start":{"line":222,"column":100},"end":{"line":222,"column":114}}],"line":222},"14":{"loc":{"start":{"line":232,"column":58},"end":{"line":232,"column":83}},"type":"default-arg","locations":[{"start":{"line":232,"column":69},"end":{"line":232,"column":83}}],"line":232},"15":{"loc":{"start":{"line":241,"column":64},"end":{"line":241,"column":89}},"type":"default-arg","locations":[{"start":{"line":241,"column":75},"end":{"line":241,"column":89}}],"line":241},"16":{"loc":{"start":{"line":250,"column":63},"end":{"line":250,"column":88}},"type":"default-arg","locations":[{"start":{"line":250,"column":74},"end":{"line":250,"column":88}}],"line":250},"17":{"loc":{"start":{"line":259,"column":55},"end":{"line":259,"column":80}},"type":"default-arg","locations":[{"start":{"line":259,"column":66},"end":{"line":259,"column":80}}],"line":259},"18":{"loc":{"start":{"line":268,"column":54},"end":{"line":268,"column":79}},"type":"default-arg","locations":[{"start":{"line":268,"column":65},"end":{"line":268,"column":79}}],"line":268},"19":{"loc":{"start":{"line":277,"column":56},"end":{"line":277,"column":81}},"type":"default-arg","locations":[{"start":{"line":277,"column":67},"end":{"line":277,"column":81}}],"line":277},"20":{"loc":{"start":{"line":286,"column":64},"end":{"line":286,"column":89}},"type":"default-arg","locations":[{"start":{"line":286,"column":75},"end":{"line":286,"column":89}}],"line":286},"21":{"loc":{"start":{"line":295,"column":80},"end":{"line":295,"column":105}},"type":"default-arg","locations":[{"start":{"line":295,"column":91},"end":{"line":295,"column":105}}],"line":295},"22":{"loc":{"start":{"line":304,"column":81},"end":{"line":304,"column":106}},"type":"default-arg","locations":[{"start":{"line":304,"column":92},"end":{"line":304,"column":106}}],"line":304}},"s":{"0":1,"1":1,"2":1,"3":1,"4":1,"5":0,"6":1,"7":1,"8":1,"9":0,"10":1,"11":1,"12":1,"13":1,"14":1,"15":1,"16":1,"17":0,"18":1,"19":1,"20":1,"21":1,"22":0,"23":2,"24":2,"25":0,"26":0,"27":0,"28":1,"29":1,"30":1,"31":0,"32":1,"33":1,"34":1,"35":0,"36":0,"37":0,"38":0,"39":0,"40":0,"41":0,"42":0,"43":0,"44":1,"45":1,"46":1,"47":0,"48":2,"49":2,"50":2,"51":0,"52":0,"53":0,"54":0,"55":0,"56":0,"57":0,"58":0,"59":0,"60":0,"61":0,"62":0,"63":0,"64":0,"65":0,"66":0,"67":0,"68":0,"69":0,"70":0,"71":0,"72":0,"73":0,"74":0,"75":0,"76":0,"77":0,"78":0,"79":0,"80":0,"81":0,"82":0,"83":0,"84":0,"85":0,"86":0,"87":0,"88":0,"89":0,"90":0,"91":0,"92":0,"93":0,"94":0,"95":0,"96":0,"97":0,"98":0,"99":0,"100":0,"101":0,"102":0,"103":0,"104":0,"105":0,"106":0,"107":0,"108":0,"109":0,"110":0,"111":0,"112":0,"113":0,"114":0,"115":0,"116":0,"117":0,"118":0,"119":0,"120":0,"121":0,"122":0,"123":0,"124":0},"f":{"0":1,"1":1,"2":1,"3":1,"4":1,"5":2,"6":0,"7":1,"8":1,"9":0,"10":0,"11":1,"12":2,"13":0,"14":0,"15":0,"16":0,"17":0,"18":0,"19":0,"20":0,"21":0,"22":0,"23":0,"24":0,"25":0,"26":0,"27":0,"28":0,"29":0,"30":0,"31":0,"32":0,"33":0,"34":0,"35":0},"b":{"0":[0],"1":[0],"2":[0],"3":[0],"4":[0],"5":[0],"6":[0],"7":[0],"8":[1],"9":[1],"10":[0],"11":[0],"12":[0],"13":[0],"14":[0],"15":[0],"16":[0],"17":[0],"18":[0],"19":[0],"20":[0],"21":[0],"22":[0]},"_coverageSchema":"1a1c01bbd47fc00a2c39e90264f33305004495a9","hash":"26c3c3f50bd1b9717a016bb0c1bab51c5b270a26"}
,"C:\\Users\\vladi\\Desktop\\ets-js-library\\src\\configs\\index.config.js": {"path":"C:\\Users\\vladi\\Desktop\\ets-js-library\\src\\configs\\index.config.js","statementMap":{"0":{"start":{"line":10,"column":12},"end":{"line":10,"column":22}},"1":{"start":{"line":11,"column":34},"end":{"line":11,"column":65}},"2":{"start":{"line":12,"column":23},"end":{"line":12,"column":46}}},"fnMap":{},"branchMap":{},"s":{"0":2,"1":2,"2":2},"f":{},"b":{},"_coverageSchema":"1a1c01bbd47fc00a2c39e90264f33305004495a9","hash":"98cf9a63bb934ea6a5f6df884fb014681c56b6be"}
,"C:\\Users\\vladi\\Desktop\\ets-js-library\\src\\utils\\contract.js": {"path":"C:\\Users\\vladi\\Desktop\\ets-js-library\\src\\utils\\contract.js","statementMap":{"0":{"start":{"line":4,"column":17},"end":{"line":4,"column":55}},"1":{"start":{"line":5,"column":23},"end":{"line":5,"column":82}}},"fnMap":{},"branchMap":{},"s":{"0":2,"1":2},"f":{},"b":{},"_coverageSchema":"1a1c01bbd47fc00a2c39e90264f33305004495a9","hash":"82dee8af168bcd39b9c13bd477b6a2e221ab1830"}
,"C:\\Users\\vladi\\Desktop\\ets-js-library\\src\\utils\\ipfs.utils.js": {"path":"C:\\Users\\vladi\\Desktop\\ets-js-library\\src\\utils\\ipfs.utils.js","statementMap":{"0":{"start":{"line":7,"column":2},"end":{"line":7,"column":66}},"1":{"start":{"line":11,"column":17},"end":{"line":11,"column":60}},"2":{"start":{"line":13,"column":14},"end":{"line":13,"column":42}},"3":{"start":{"line":15,"column":2},"end":{"line":15,"column":17}},"4":{"start":{"line":19,"column":14},"end":{"line":19,"column":36}},"5":{"start":{"line":21,"column":17},"end":{"line":21,"column":60}},"6":{"start":{"line":23,"column":2},"end":{"line":23,"column":27}},"7":{"start":{"line":27,"column":19},"end":{"line":27,"column":51}},"8":{"start":{"line":28,"column":2},"end":{"line":28,"column":18}},"9":{"start":{"line":32,"column":25},"end":{"line":32,"column":27}},"10":{"start":{"line":34,"column":2},"end":{"line":41,"column":3}},"11":{"start":{"line":35,"column":4},"end":{"line":40,"column":5}},"12":{"start":{"line":36,"column":28},"end":{"line":36,"column":77}},"13":{"start":{"line":37,"column":6},"end":{"line":37,"column":46}},"14":{"start":{"line":39,"column":6},"end":{"line":39,"column":23}},"15":{"start":{"line":43,"column":2},"end":{"line":43,"column":24}},"16":{"start":{"line":47,"column":19},"end":{"line":47,"column":51}},"17":{"start":{"line":48,"column":14},"end":{"line":48,"column":38}},"18":{"start":{"line":49,"column":24},"end":{"line":49,"column":44}},"19":{"start":{"line":51,"column":2},"end":{"line":51,"column":39}},"20":{"start":{"line":52,"column":2},"end":{"line":52,"column":36}},"21":{"start":{"line":53,"column":2},"end":{"line":53,"column":23}}},"fnMap":{"0":{"name":"makeGatewayUrl","decl":{"start":{"line":6,"column":9},"end":{"line":6,"column":23}},"loc":{"start":{"line":6,"column":33},"end":{"line":8,"column":1}},"line":6},"1":{"name":"uploadDataToIpfs","decl":{"start":{"line":10,"column":15},"end":{"line":10,"column":31}},"loc":{"start":{"line":10,"column":60},"end":{"line":16,"column":1}},"line":10},"2":{"name":"deleteDataFromService","decl":{"start":{"line":18,"column":15},"end":{"line":18,"column":36}},"loc":{"start":{"line":18,"column":65},"end":{"line":24,"column":1}},"line":18},"3":{"name":"getIpfsUrl","decl":{"start":{"line":26,"column":15},"end":{"line":26,"column":25}},"loc":{"start":{"line":26,"column":62},"end":{"line":29,"column":1}},"line":26},"4":{"name":"fetchEventsMetadata","decl":{"start":{"line":31,"column":15},"end":{"line":31,"column":34}},"loc":{"start":{"line":31,"column":72},"end":{"line":44,"column":1}},"line":31},"5":{"name":"fetchSingleEventMetadata","decl":{"start":{"line":46,"column":15},"end":{"line":46,"column":39}},"loc":{"start":{"line":46,"column":76},"end":{"line":54,"column":1}},"line":46}},"branchMap":{"0":{"loc":{"start":{"line":26,"column":35},"end":{"line":26,"column":60}},"type":"default-arg","locations":[{"start":{"line":26,"column":46},"end":{"line":26,"column":60}}],"line":26},"1":{"loc":{"start":{"line":31,"column":45},"end":{"line":31,"column":70}},"type":"default-arg","locations":[{"start":{"line":31,"column":56},"end":{"line":31,"column":70}}],"line":31},"2":{"loc":{"start":{"line":46,"column":49},"end":{"line":46,"column":74}},"type":"default-arg","locations":[{"start":{"line":46,"column":60},"end":{"line":46,"column":74}}],"line":46}},"s":{"0":41,"1":2,"2":2,"3":2,"4":0,"5":0,"6":0,"7":2,"8":2,"9":1,"10":1,"11":41,"12":41,"13":41,"14":0,"15":1,"16":41,"17":41,"18":41,"19":41,"20":41,"21":41},"f":{"0":41,"1":2,"2":0,"3":2,"4":1,"5":41},"b":{"0":[0],"1":[0],"2":[0]},"_coverageSchema":"1a1c01bbd47fc00a2c39e90264f33305004495a9","hash":"05aa91cc2ffbf3a4047cc12593b4f232a0390346"}
}
