TN:
SF:config\constants.cjs
FNF:0
FNH:0
DA:1,1
DA:2,1
DA:3,1
DA:4,1
DA:5,1
DA:6,1
DA:8,1
LF:7
LH:7
BRF:0
BRH:0
end_of_record
TN:
SF:src\index.js
FN:16,createEvent
FN:33,fetchEvent
FN:42,fetchEvents
FN:52,fetchContractEvents
FN:58,fetchOwnedEvents
FN:73,removeEvent
FN:83,updateEvent
FN:95,getEventIpfsUri
FN:101,deleteFromIpfs
FN:109,addTeamMember
FN:119,removeTeamMember
FN:129,fetchCountriesFromServer
FN:139,fetchPlacesFromServer
FN:149,fetchAllEventsFromServer
FN:159,getEventMembers
FN:169,fetchAllEventIds
FN:172,(anonymous_16)
FN:177,listenForNewEvent
FN:178,(anonymous_18)
FN:194,listenForEventUpdate
FN:195,(anonymous_20)
FN:208,listenForRoleGrant
FN:212,listenForRoleRevoke
FN:216,listenForRole
FN:217,(anonymous_24)
FN:229,createGatewayUrl
FN:239,setEventCashier
FN:248,createTicketCategory
FN:274,updateCategory
FN:299,removeCategory
FN:308,addCategoryTicketsCount
FN:317,removeCategoryTicketsCount
FN:326,manageCategorySelling
FN:335,manageAllCategorySelling
FN:344,fetchCategoriesByEventId
FN:353,clipTicket
FN:362,bookTickets
FN:371,updateCategorySaleDates
FNF:38
FNH:0
FNDA:0,createEvent
FNDA:0,fetchEvent
FNDA:0,fetchEvents
FNDA:0,fetchContractEvents
FNDA:0,fetchOwnedEvents
FNDA:0,removeEvent
FNDA:0,updateEvent
FNDA:0,getEventIpfsUri
FNDA:0,deleteFromIpfs
FNDA:0,addTeamMember
FNDA:0,removeTeamMember
FNDA:0,fetchCountriesFromServer
FNDA:0,fetchPlacesFromServer
FNDA:0,fetchAllEventsFromServer
FNDA:0,getEventMembers
FNDA:0,fetchAllEventIds
FNDA:0,(anonymous_16)
FNDA:0,listenForNewEvent
FNDA:0,(anonymous_18)
FNDA:0,listenForEventUpdate
FNDA:0,(anonymous_20)
FNDA:0,listenForRoleGrant
FNDA:0,listenForRoleRevoke
FNDA:0,listenForRole
FNDA:0,(anonymous_24)
FNDA:0,createGatewayUrl
FNDA:0,setEventCashier
FNDA:0,createTicketCategory
FNDA:0,updateCategory
FNDA:0,removeCategory
FNDA:0,addCategoryTicketsCount
FNDA:0,removeCategoryTicketsCount
FNDA:0,manageCategorySelling
FNDA:0,manageAllCategorySelling
FNDA:0,fetchCategoriesByEventId
FNDA:0,clipTicket
FNDA:0,bookTickets
FNDA:0,updateCategorySaleDates
DA:17,0
DA:18,0
DA:20,0
DA:27,0
DA:29,0
DA:34,0
DA:35,0
DA:36,0
DA:38,0
DA:43,0
DA:44,0
DA:46,0
DA:48,0
DA:53,0
DA:55,0
DA:60,0
DA:62,0
DA:64,0
DA:67,0
DA:68,0
DA:70,0
DA:74,0
DA:75,0
DA:77,0
DA:79,0
DA:84,0
DA:85,0
DA:87,0
DA:89,0
DA:91,0
DA:96,0
DA:98,0
DA:102,0
DA:103,0
DA:105,0
DA:110,0
DA:111,0
DA:113,0
DA:115,0
DA:120,0
DA:121,0
DA:123,0
DA:125,0
DA:130,0
DA:131,0
DA:133,0
DA:135,0
DA:140,0
DA:141,0
DA:143,0
DA:145,0
DA:150,0
DA:151,0
DA:153,0
DA:155,0
DA:160,0
DA:161,0
DA:163,0
DA:165,0
DA:170,0
DA:172,0
DA:174,0
DA:178,0
DA:179,0
DA:180,0
DA:182,0
DA:184,0
DA:190,0
DA:195,0
DA:197,0
DA:199,0
DA:204,0
DA:209,0
DA:213,0
DA:217,0
DA:218,0
DA:225,0
DA:230,0
DA:231,0
DA:233,0
DA:235,0
DA:240,0
DA:241,0
DA:242,0
DA:244,0
DA:255,0
DA:256,0
DA:257,0
DA:268,0
DA:270,0
DA:282,0
DA:283,0
DA:284,0
DA:293,0
DA:295,0
DA:300,0
DA:301,0
DA:302,0
DA:304,0
DA:309,0
DA:310,0
DA:311,0
DA:313,0
DA:318,0
DA:319,0
DA:320,0
DA:322,0
DA:327,0
DA:328,0
DA:329,0
DA:331,0
DA:336,0
DA:337,0
DA:338,0
DA:340,0
DA:345,0
DA:346,0
DA:347,0
DA:349,0
DA:354,0
DA:355,0
DA:356,0
DA:358,0
DA:363,0
DA:364,0
DA:365,0
DA:367,0
DA:378,0
DA:379,0
DA:385,0
DA:387,0
LF:131
LH:0
BRDA:16,0,0,0
BRDA:33,1,0,0
BRDA:42,2,0,0
BRDA:52,3,0,0
BRDA:58,4,0,0
BRDA:60,5,0,0
BRDA:60,5,1,0
BRDA:73,6,0,0
BRDA:83,7,0,0
BRDA:95,8,0,0
BRDA:109,9,0,0
BRDA:119,10,0,0
BRDA:129,11,0,0
BRDA:139,12,0,0
BRDA:149,13,0,0
BRDA:159,14,0,0
BRDA:169,15,0,0
BRDA:239,16,0,0
BRDA:253,17,0,0
BRDA:280,18,0,0
BRDA:299,19,0,0
BRDA:308,20,0,0
BRDA:317,21,0,0
BRDA:326,22,0,0
BRDA:335,23,0,0
BRDA:344,24,0,0
BRDA:353,25,0,0
BRDA:362,26,0,0
BRDA:376,27,0,0
BRF:29
BRH:0
end_of_record
TN:
SF:src\configs\index.config.js
FNF:0
FNH:0
DA:10,1
DA:11,1
DA:12,1
LF:3
LH:3
BRF:0
BRH:0
end_of_record
TN:
SF:src\utils\contract.js
FNF:0
FNH:0
DA:4,1
DA:5,1
LF:2
LH:2
BRF:0
BRH:0
end_of_record
TN:
SF:src\utils\ipfs.utils.js
FN:7,makeGatewayUrl
FN:11,uploadDataToIpfs
FN:19,deleteDataFromService
FN:27,getIpfsUrl
FN:33,fetchEventsMetadata
FN:49,fetchSingleEventMetadata
FNF:6
FNH:0
FNDA:0,makeGatewayUrl
FNDA:0,uploadDataToIpfs
FNDA:0,deleteDataFromService
FNDA:0,getIpfsUrl
FNDA:0,fetchEventsMetadata
FNDA:0,fetchSingleEventMetadata
DA:8,0
DA:12,0
DA:14,0
DA:16,0
DA:20,0
DA:22,0
DA:24,0
DA:28,0
DA:30,0
DA:34,0
DA:36,0
DA:37,0
DA:38,0
DA:40,0
DA:42,0
DA:46,0
DA:50,0
DA:51,0
DA:53,0
DA:55,0
DA:56,0
DA:58,0
DA:59,0
DA:60,0
DA:62,0
DA:64,0
LF:26
LH:0
BRDA:27,0,0,0
BRDA:33,1,0,0
BRDA:49,2,0,0
BRF:3
BRH:0
end_of_record
TN:
SF:tasks\deployEventDiamond.js
FN:15,deployEventDiamond
FNF:1
FNH:1
FNDA:11,deployEventDiamond
DA:16,11
DA:17,0
DA:18,0
DA:21,0
DA:25,0
DA:26,0
DA:29,0
DA:30,0
DA:37,0
DA:38,0
DA:44,0
DA:45,0
DA:46,0
DA:48,0
DA:50,0
DA:54,0
DA:55,0
DA:57,0
DA:63,0
DA:64,0
DA:65,0
DA:67,0
DA:73,0
DA:74,0
DA:75,0
DA:77,0
DA:78,0
DA:79,0
DA:81,0
DA:82,0
DA:83,0
DA:84,0
DA:87,0
DA:93,0
DA:96,0
DA:97,0
DA:99,0
DA:100,0
DA:101,0
DA:105,0
LF:40
LH:1
BRDA:83,0,0,0
BRDA:83,0,1,0
BRDA:100,1,0,0
BRDA:100,1,1,0
BRF:4
BRH:0
end_of_record
TN:
SF:tasks\deployTicketDiamond.js
FN:13,deployTicketDiamond
FNF:1
FNH:0
FNDA:0,deployTicketDiamond
DA:14,0
DA:15,0
DA:18,0
DA:22,0
DA:23,0
DA:26,0
DA:27,0
DA:33,0
DA:34,0
DA:40,0
DA:44,0
DA:45,0
DA:47,0
DA:49,0
DA:53,0
DA:54,0
DA:56,0
DA:62,0
DA:66,0
DA:67,0
DA:69,0
DA:75,0
DA:76,0
DA:77,0
DA:79,0
DA:80,0
DA:81,0
DA:82,0
DA:85,0
DA:91,0
DA:95,0
DA:96,0
DA:98,0
DA:99,0
DA:100,0
DA:103,0
LF:36
LH:0
BRDA:81,0,0,0
BRDA:81,0,1,0
BRDA:99,1,0,0
BRDA:99,1,1,0
BRF:4
BRH:0
end_of_record
TN:
SF:tasks\libraries\diamond.js
FN:4,getSelectors
FN:7,(anonymous_1)
FN:21,getSelector
FN:28,remove
FN:29,(anonymous_4)
FN:45,get
FN:46,(anonymous_6)
FN:61,removeSelectors
FN:62,(anonymous_8)
FN:63,(anonymous_9)
FN:64,(anonymous_10)
FN:69,findAddressPositionInFacets
FNF:12
FNH:0
FNDA:0,getSelectors
FNDA:0,(anonymous_1)
FNDA:0,getSelector
FNDA:0,remove
FNDA:0,(anonymous_4)
FNDA:0,get
FNDA:0,(anonymous_6)
FNDA:0,removeSelectors
FNDA:0,(anonymous_8)
FNDA:0,(anonymous_9)
FNDA:0,(anonymous_10)
FNDA:0,findAddressPositionInFacets
DA:5,0
DA:7,0
DA:8,0
DA:10,0
DA:12,0
DA:14,0
DA:15,0
DA:16,0
DA:17,0
DA:22,0
DA:23,0
DA:29,0
DA:30,0
DA:31,0
DA:32,0
DA:35,0
DA:37,0
DA:38,0
DA:39,0
DA:40,0
DA:46,0
DA:47,0
DA:48,0
DA:49,0
DA:52,0
DA:54,0
DA:55,0
DA:56,0
DA:57,0
DA:62,0
DA:63,0
DA:64,0
DA:65,0
DA:70,0
DA:71,0
DA:72,0
LF:36
LH:0
BRDA:8,0,0,0
BRDA:8,0,1,0
BRDA:31,1,0,0
BRDA:31,1,1,0
BRDA:48,2,0,0
BRDA:48,2,1,0
BRDA:71,3,0,0
BRDA:71,3,1,0
BRF:8
BRH:0
end_of_record
TN:
SF:test\config.js
FNF:0
FNH:0
DA:2,1
DA:6,1
DA:8,1
DA:35,1
DA:57,1
DA:72,1
LF:6
LH:6
BRF:0
BRH:0
end_of_record
