TN:
SF:src/index.js
FN:24,createEvent
FN:43,fetchEvents
FN:53,fetchOwnedEvents
FN:65,removeEvent
FN:77,updateEvent
FN:91,getEventIpfsUri
FN:96,deleteFromIpfs
FN:104,addTeamMember
FN:118,removeTeamMember
FN:132,fetchJwtFromServer
FN:141,fetchCountriesFromServer
FN:155,fetchPlacesFromServer
FN:170,fetchAllEventsFromServer
FN:185,getEventMembers
FN:194,createGatewayUrl
FNF:15
FNH:8
FNDA:1,createEvent
FNDA:2,fetchEvents
FNDA:1,fetchOwnedEvents
FNDA:1,removeEvent
FNDA:1,updateEvent
FNDA:0,getEventIpfsUri
FNDA:0,deleteFromIpfs
FNDA:1,addTeamMember
FNDA:1,removeTeamMember
FNDA:0,fetchJwtFromServer
FNDA:0,fetchCountriesFromServer
FNDA:0,fetchPlacesFromServer
FNDA:1,fetchAllEventsFromServer
FNDA:0,getEventMembers
FNDA:0,createGatewayUrl
DA:17,2
DA:18,2
DA:30,1
DA:31,1
DA:33,1
DA:37,1
DA:39,0
DA:44,2
DA:45,2
DA:47,2
DA:49,0
DA:54,1
DA:55,1
DA:60,1
DA:61,1
DA:62,1
DA:66,1
DA:68,1
DA:71,1
DA:73,0
DA:78,1
DA:79,1
DA:81,1
DA:85,1
DA:87,0
DA:92,0
DA:93,0
DA:97,0
DA:98,0
DA:100,0
DA:105,1
DA:107,1
DA:112,1
DA:114,0
DA:119,1
DA:121,1
DA:126,1
DA:128,0
DA:133,0
DA:134,0
DA:135,0
DA:137,0
DA:145,0
DA:146,0
DA:149,0
DA:151,0
DA:160,0
DA:161,0
DA:164,0
DA:166,0
DA:175,1
DA:176,1
DA:179,0
DA:181,1
DA:186,0
DA:187,0
DA:188,0
DA:190,0
DA:195,0
DA:196,0
DA:197,0
DA:199,0
LF:62
LH:30
BRDA:132,0,0,0
BRDA:143,1,0,0
BRDA:158,2,0,0
BRDA:173,3,0,0
BRF:4
BRH:0
end_of_record
TN:
SF:src/configs/index.config.js
FNF:0
FNH:0
DA:6,2
DA:7,2
DA:8,2
LF:3
LH:3
BRF:0
BRH:0
end_of_record
TN:
SF:src/utils/ipfs.utils.js
FN:17,makeGatewayUrl
FN:21,uploadDataToIpfs
FN:30,deleteDataFromService
FN:38,getIpfsUrl
FN:43,fetchEventsMetadata
FNF:5
FNH:3
FNDA:1,makeGatewayUrl
FNDA:2,uploadDataToIpfs
FNDA:0,deleteDataFromService
FNDA:0,getIpfsUrl
FNDA:2,fetchEventsMetadata
DA:10,2
DA:11,2
DA:18,1
DA:22,2
DA:23,2
DA:25,2
DA:27,2
DA:31,0
DA:33,0
DA:35,0
DA:39,0
DA:40,0
DA:44,2
DA:46,2
DA:47,1
DA:48,1
DA:49,1
DA:51,1
DA:52,1
DA:54,1
DA:56,0
DA:60,2
LF:22
LH:16
BRF:0
BRH:0
end_of_record
